This file contains any messages produced by compilers while
running configure, to aid debugging if configure makes a mistake.

It was created by configure, which was
generated by GNU Autoconf 2.69.  Invocation command line was

  $ ./configure --enable-vii

## --------- ##
## Platform. ##
## --------- ##

hostname = MirchendeMacBook-Pro.local
uname -m = x86_64
uname -r = 16.5.0
uname -s = Darwin
uname -v = Darwin Kernel Version 16.5.0: Fri Mar  3 16:52:33 PST 2017; root:xnu-3789.51.2~3/RELEASE_X86_64

/usr/bin/uname -p = i386
/bin/uname -X     = unknown

/bin/arch              = unknown
/usr/bin/arch -k       = unknown
/usr/convex/getsysinfo = unknown
/usr/bin/hostinfo      = Mach kernel version:
	 Darwin Kernel Version 16.5.0: Fri Mar  3 16:52:33 PST 2017; root:xnu-3789.51.2~3/RELEASE_X86_64
Kernel configured for up to 4 processors.
2 processors are physically available.
4 processors are logically available.
Processor type: i486 (Intel 80486)
Processors active: 0 1 2 3
Primary memory available: 6.00 gigabytes
Default processor set: 280 tasks, 1091 threads, 4 processors
Load average: 2.57, Mach factor: 1.57
/bin/machine           = unknown
/usr/bin/oslevel       = unknown
/bin/universe          = unknown

PATH: /usr/local/bin
PATH: /usr/bin
PATH: /bin
PATH: /usr/sbin
PATH: /sbin
PATH: /usr/local/share/dotnet
PATH: /usr/local/go/bin


## ----------- ##
## Core tests. ##
## ----------- ##

configure:2340: checking for grep that handles long lines and -e
configure:2398: result: /usr/bin/grep
configure:2403: checking for egrep
configure:2465: result: /usr/bin/grep -E
configure:2470: checking for a sed that does not truncate output
configure:2524: result: /usr/bin/sed
configure:2719: checking for C compiler version
configure:2728: gcc --version >&5
Apple LLVM version 8.1.0 (clang-802.0.38)
Target: x86_64-apple-darwin16.5.0
Thread model: posix
InstalledDir: /Library/Developer/CommandLineTools/usr/bin
Configured with: --prefix=/Library/Developer/CommandLineTools/usr --with-gxx-include-dir=/usr/include/c++/4.2.1
configure:2739: $? = 0
configure:2728: gcc -v >&5
Configured with: --prefix=/Library/Developer/CommandLineTools/usr --with-gxx-include-dir=/usr/include/c++/4.2.1
Apple LLVM version 8.1.0 (clang-802.0.38)
Target: x86_64-apple-darwin16.5.0
Thread model: posix
InstalledDir: /Library/Developer/CommandLineTools/usr/bin
configure:2739: $? = 0
configure:2728: gcc -V >&5
clang: error: argument to '-V' is missing (expected 1 value)
clang: error: no input files
configure:2739: $? = 1
configure:2728: gcc -qversion >&5
clang: error: unknown argument: '-qversion'
clang: error: no input files
configure:2739: $? = 1
configure:2759: checking whether the C compiler works
configure:2781: gcc -O2 -fvisibility=hidden -Wparentheses -flto -DZEPHIR_RELEASE=1   conftest.c  >&5
configure:2785: $? = 0
configure:2833: result: yes
configure:2836: checking for C compiler default output file name
configure:2838: result: a.out
configure:2844: checking for suffix of executables
configure:2851: gcc -o conftest -O2 -fvisibility=hidden -Wparentheses -flto -DZEPHIR_RELEASE=1   conftest.c  >&5
configure:2855: $? = 0
configure:2877: result: 
configure:2899: checking whether we are cross compiling
configure:2907: gcc -o conftest -O2 -fvisibility=hidden -Wparentheses -flto -DZEPHIR_RELEASE=1   conftest.c  >&5
configure:2911: $? = 0
configure:2918: ./conftest
configure:2922: $? = 0
configure:2937: result: no
configure:2942: checking for suffix of object files
configure:2964: gcc -c -O2 -fvisibility=hidden -Wparentheses -flto -DZEPHIR_RELEASE=1  conftest.c >&5
configure:2968: $? = 0
configure:2989: result: o
configure:2993: checking whether we are using the GNU C compiler
configure:3012: gcc -c -O2 -fvisibility=hidden -Wparentheses -flto -DZEPHIR_RELEASE=1  conftest.c >&5
configure:3012: $? = 0
configure:3021: result: yes
configure:3030: checking whether gcc accepts -g
configure:3050: gcc -c -g  conftest.c >&5
configure:3050: $? = 0
configure:3091: result: yes
configure:3108: checking for gcc option to accept ISO C89
configure:3171: gcc  -c -O2 -fvisibility=hidden -Wparentheses -flto -DZEPHIR_RELEASE=1  conftest.c >&5
configure:3171: $? = 0
configure:3184: result: none needed
configure:3210: checking how to run the C preprocessor
configure:3241: gcc -E  conftest.c
configure:3241: $? = 0
configure:3255: gcc -E  conftest.c
conftest.c:9:10: fatal error: 'ac_nonexistent.h' file not found
#include <ac_nonexistent.h>
         ^
1 error generated.
configure:3255: $? = 1
configure: failed program was:
| /* confdefs.h */
| #define PACKAGE_NAME ""
| #define PACKAGE_TARNAME ""
| #define PACKAGE_VERSION ""
| #define PACKAGE_STRING ""
| #define PACKAGE_BUGREPORT ""
| #define PACKAGE_URL ""
| /* end confdefs.h.  */
| #include <ac_nonexistent.h>
configure:3280: result: gcc -E
configure:3300: gcc -E  conftest.c
configure:3300: $? = 0
configure:3314: gcc -E  conftest.c
conftest.c:9:10: fatal error: 'ac_nonexistent.h' file not found
#include <ac_nonexistent.h>
         ^
1 error generated.
configure:3314: $? = 1
configure: failed program was:
| /* confdefs.h */
| #define PACKAGE_NAME ""
| #define PACKAGE_TARNAME ""
| #define PACKAGE_VERSION ""
| #define PACKAGE_STRING ""
| #define PACKAGE_BUGREPORT ""
| #define PACKAGE_URL ""
| /* end confdefs.h.  */
| #include <ac_nonexistent.h>
configure:3345: checking for icc
configure:3354: result: no
configure:3368: checking for suncc
configure:3377: result: no
configure:3392: checking whether gcc and cc understand -c and -o together
configure:3423: gcc -c conftest.c -o conftest2.o >&5
configure:3427: $? = 0
configure:3433: gcc -c conftest.c -o conftest2.o >&5
configure:3437: $? = 0
configure:3448: cc -c conftest.c >&5
configure:3452: $? = 0
configure:3460: cc -c conftest.c -o conftest2.o >&5
configure:3464: $? = 0
configure:3470: cc -c conftest.c -o conftest2.o >&5
configure:3474: $? = 0
configure:3492: result: yes
configure:3506: checking for system library directory
configure:3521: result: lib
configure:3528: checking if compiler supports -R
configure:3547: gcc -o conftest -O2 -fvisibility=hidden -Wparentheses -flto -DZEPHIR_RELEASE=1   conftest.c -R /usr/lib  >&5
warning: unknown remark option '-R' [-Wunknown-warning-option]
1 warning generated.
ld: can't map file, errno=22 file '/usr/lib' for architecture x86_64
clang: error: linker command failed with exit code 1 (use -v to see invocation)
configure:3547: $? = 1
configure: failed program was:
| /* confdefs.h */
| #define PACKAGE_NAME ""
| #define PACKAGE_TARNAME ""
| #define PACKAGE_VERSION ""
| #define PACKAGE_STRING ""
| #define PACKAGE_BUGREPORT ""
| #define PACKAGE_URL ""
| /* end confdefs.h.  */
| 
| int
| main ()
| {
| 
|   ;
|   return 0;
| }
configure:3557: result: no
configure:3562: checking if compiler supports -Wl,-rpath,
configure:3581: gcc -o conftest -O2 -fvisibility=hidden -Wparentheses -flto -DZEPHIR_RELEASE=1   conftest.c -Wl,-rpath,/usr/lib  >&5
configure:3581: $? = 0
configure:3591: result: yes
configure:3636: checking build system type
configure:3650: result: x86_64-apple-darwin16.5.0
configure:3670: checking host system type
configure:3683: result: x86_64-apple-darwin16.5.0
configure:3703: checking target system type
configure:3716: result: x86_64-apple-darwin16.5.0
configure:3819: checking for PHP prefix
configure:3821: result: /usr/local/Cellar/php71/7.1.3_15
configure:3823: checking for PHP includes
configure:3825: result: -I/usr/local/Cellar/php71/7.1.3_15/include/php -I/usr/local/Cellar/php71/7.1.3_15/include/php/main -I/usr/local/Cellar/php71/7.1.3_15/include/php/TSRM -I/usr/local/Cellar/php71/7.1.3_15/include/php/Zend -I/usr/local/Cellar/php71/7.1.3_15/include/php/ext -I/usr/local/Cellar/php71/7.1.3_15/include/php/ext/date/lib
configure:3827: checking for PHP extension directory
configure:3829: result: /usr/local/Cellar/php71/7.1.3_15/lib/php/extensions/no-debug-non-zts-20160303
configure:3831: checking for PHP installed headers prefix
configure:3833: result: /usr/local/Cellar/php71/7.1.3_15/include/php
configure:3836: checking if debug is enabled
configure:3862: result: no
configure:3865: checking if zts is enabled
configure:3891: result: no
configure:3962: checking for re2c
configure:3978: found /usr/local/bin/re2c
configure:3989: result: re2c
configure:3998: checking for re2c version
configure:4012: result: 0.15.3 (ok)
configure:4031: checking for gawk
configure:4062: result: no
configure:4031: checking for nawk
configure:4062: result: no
configure:4031: checking for awk
configure:4048: found /usr/bin/awk
configure:4059: result: awk
configure:4082: checking if awk is broken
configure:4089: result: no
configure:4102: checking whether to enable vii
configure:4141: result: yes, shared
configure:4623: checking whether HAVE_BUNDLED_PCRE is declared
configure:4623: gcc -c -O2 -fvisibility=hidden -Wparentheses -flto -DZEPHIR_RELEASE=1  -I/usr/local/Cellar/php71/7.1.3_15/include/php -I/usr/local/Cellar/php71/7.1.3_15/include/php/main -I/usr/local/Cellar/php71/7.1.3_15/include/php/TSRM -I/usr/local/Cellar/php71/7.1.3_15/include/php/Zend -I/usr/local/Cellar/php71/7.1.3_15/include/php/ext -I/usr/local/Cellar/php71/7.1.3_15/include/php/ext/date/lib conftest.c >&5
configure:4623: $? = 0
configure:4623: result: yes
configure:4630: checking for ext/pcre/php_pcre.h
configure:4630: gcc -c -O2 -fvisibility=hidden -Wparentheses -flto -DZEPHIR_RELEASE=1  -I/usr/local/Cellar/php71/7.1.3_15/include/php -I/usr/local/Cellar/php71/7.1.3_15/include/php/main -I/usr/local/Cellar/php71/7.1.3_15/include/php/TSRM -I/usr/local/Cellar/php71/7.1.3_15/include/php/Zend -I/usr/local/Cellar/php71/7.1.3_15/include/php/ext -I/usr/local/Cellar/php71/7.1.3_15/include/php/ext/date/lib conftest.c >&5
configure:4630: $? = 0
configure:4630: result: yes
configure:4669: checking whether HAVE_JSON is declared
configure:4669: gcc -c -O2 -fvisibility=hidden -Wparentheses -flto -DZEPHIR_RELEASE=1  -I/usr/local/Cellar/php71/7.1.3_15/include/php -I/usr/local/Cellar/php71/7.1.3_15/include/php/main -I/usr/local/Cellar/php71/7.1.3_15/include/php/TSRM -I/usr/local/Cellar/php71/7.1.3_15/include/php/Zend -I/usr/local/Cellar/php71/7.1.3_15/include/php/ext -I/usr/local/Cellar/php71/7.1.3_15/include/php/ext/date/lib conftest.c >&5
configure:4669: $? = 0
configure:4669: result: yes
configure:4676: checking for ext/json/php_json.h
configure:4676: gcc -c -O2 -fvisibility=hidden -Wparentheses -flto -DZEPHIR_RELEASE=1  -I/usr/local/Cellar/php71/7.1.3_15/include/php -I/usr/local/Cellar/php71/7.1.3_15/include/php/main -I/usr/local/Cellar/php71/7.1.3_15/include/php/TSRM -I/usr/local/Cellar/php71/7.1.3_15/include/php/Zend -I/usr/local/Cellar/php71/7.1.3_15/include/php/ext -I/usr/local/Cellar/php71/7.1.3_15/include/php/ext/date/lib conftest.c >&5
configure:4676: $? = 0
configure:4676: result: yes
configure:4833: checking for ld used by gcc
configure:4900: result: /Library/Developer/CommandLineTools/usr/bin/ld
configure:4907: checking if the linker (/Library/Developer/CommandLineTools/usr/bin/ld) is GNU ld
configure:4922: result: no
configure:4927: checking for /Library/Developer/CommandLineTools/usr/bin/ld option to reload object files
configure:4934: result: -r
configure:4952: checking for BSD-compatible nm
configure:5001: result: /usr/bin/nm -B
configure:5005: checking whether ln -s works
configure:5009: result: yes
configure:5016: checking how to recognize dependent libraries
configure:5202: result: pass_all
configure:5420: checking for ANSI C header files
configure:5440: gcc -c -O2 -fvisibility=hidden -Wparentheses -flto -DZEPHIR_RELEASE=1  conftest.c >&5
configure:5440: $? = 0
configure:5513: gcc -o conftest -O2 -fvisibility=hidden -Wparentheses -flto -DZEPHIR_RELEASE=1   conftest.c  >&5
configure:5513: $? = 0
configure:5513: ./conftest
configure:5513: $? = 0
configure:5524: result: yes
configure:5537: checking for sys/types.h
configure:5537: gcc -c -O2 -fvisibility=hidden -Wparentheses -flto -DZEPHIR_RELEASE=1  conftest.c >&5
configure:5537: $? = 0
configure:5537: result: yes
configure:5537: checking for sys/stat.h
configure:5537: gcc -c -O2 -fvisibility=hidden -Wparentheses -flto -DZEPHIR_RELEASE=1  conftest.c >&5
configure:5537: $? = 0
configure:5537: result: yes
configure:5537: checking for stdlib.h
configure:5537: gcc -c -O2 -fvisibility=hidden -Wparentheses -flto -DZEPHIR_RELEASE=1  conftest.c >&5
configure:5537: $? = 0
configure:5537: result: yes
configure:5537: checking for string.h
configure:5537: gcc -c -O2 -fvisibility=hidden -Wparentheses -flto -DZEPHIR_RELEASE=1  conftest.c >&5
configure:5537: $? = 0
configure:5537: result: yes
configure:5537: checking for memory.h
configure:5537: gcc -c -O2 -fvisibility=hidden -Wparentheses -flto -DZEPHIR_RELEASE=1  conftest.c >&5
configure:5537: $? = 0
configure:5537: result: yes
configure:5537: checking for strings.h
configure:5537: gcc -c -O2 -fvisibility=hidden -Wparentheses -flto -DZEPHIR_RELEASE=1  conftest.c >&5
configure:5537: $? = 0
configure:5537: result: yes
configure:5537: checking for inttypes.h
configure:5537: gcc -c -O2 -fvisibility=hidden -Wparentheses -flto -DZEPHIR_RELEASE=1  conftest.c >&5
configure:5537: $? = 0
configure:5537: result: yes
configure:5537: checking for stdint.h
configure:5537: gcc -c -O2 -fvisibility=hidden -Wparentheses -flto -DZEPHIR_RELEASE=1  conftest.c >&5
configure:5537: $? = 0
configure:5537: result: yes
configure:5537: checking for unistd.h
configure:5537: gcc -c -O2 -fvisibility=hidden -Wparentheses -flto -DZEPHIR_RELEASE=1  conftest.c >&5
configure:5537: $? = 0
configure:5537: result: yes
configure:5551: checking dlfcn.h usability
configure:5551: gcc -c -O2 -fvisibility=hidden -Wparentheses -flto -DZEPHIR_RELEASE=1  conftest.c >&5
configure:5551: $? = 0
configure:5551: result: yes
configure:5551: checking dlfcn.h presence
configure:5551: gcc -E  conftest.c
configure:5551: $? = 0
configure:5551: result: yes
configure:5551: checking for dlfcn.h
configure:5551: result: yes
configure:5573: checking the maximum length of command line arguments
configure:5685: result: 196608
configure:5697: checking command to parse /usr/bin/nm -B output from gcc object
configure:5802: gcc -c -O2 -fvisibility=hidden -Wparentheses -flto -DZEPHIR_RELEASE=1  conftest.c >&5
configure:5805: $? = 0
configure:5809: /usr/bin/nm -B conftest.o \| sed -n -e 's/^.*[ 	]\([BCDEGRST][BCDEGRST]*\)[ 	][ 	]*\([_A-Za-z][_A-Za-z0-9]*\)$/\1 \2 \2/p' \> conftest.nm
configure:5812: $? = 0
cannot find nm_test_var in conftest.nm
configure:5802: gcc -c -O2 -fvisibility=hidden -Wparentheses -flto -DZEPHIR_RELEASE=1  conftest.c >&5
configure:5805: $? = 0
configure:5809: /usr/bin/nm -B conftest.o \| sed -n -e 's/^.*[ 	]\([BCDEGRST][BCDEGRST]*\)[ 	][ 	]*_\([_A-Za-z][_A-Za-z0-9]*\)$/\1 _\2 \2/p' \> conftest.nm
configure:5812: $? = 0
configure:5864: gcc -o conftest -O2 -fvisibility=hidden -Wparentheses -flto -DZEPHIR_RELEASE=1   conftest.c conftstm.o >&5
configure:5867: $? = 0
configure:5905: result: ok
configure:5909: checking for objdir
configure:5924: result: .libs
configure:6016: checking for ar
configure:6032: found /usr/bin/ar
configure:6043: result: ar
configure:6108: checking for ranlib
configure:6124: found /usr/bin/ranlib
configure:6135: result: ranlib
configure:6200: checking for strip
configure:6216: found /usr/bin/strip
configure:6227: result: strip
configure:6480: checking for dsymutil
configure:6496: found /usr/bin/dsymutil
configure:6507: result: dsymutil
configure:6572: checking for nmedit
configure:6588: found /usr/bin/nmedit
configure:6599: result: nmedit
configure:6622: checking for -single_module linker flag
configure:6643: result: yes
configure:6645: checking for -exported_symbols_list linker flag
configure:6661: gcc -o conftest -O2 -fvisibility=hidden -Wparentheses -flto -DZEPHIR_RELEASE=1   -Wl,-exported_symbols_list,conftest.sym conftest.c  >&5
ld: warning: cannot export hidden symbol _main from /var/folders/l7/__wmnjzn75x2y4kw_x7yhn240000gn/T/conftest-fb0f0d.o
configure:6664: $? = 0
configure:6678: result: yes
configure:6796: checking if gcc supports -fno-rtti -fno-exceptions
configure:6814: gcc -c -O2 -fvisibility=hidden -Wparentheses -flto -DZEPHIR_RELEASE=1  -fno-rtti -fno-exceptions conftest.c >&5
configure:6818: $? = 0
configure:6831: result: yes
configure:6846: checking for gcc option to produce PIC
configure:7086: result: -fno-common
configure:7094: checking if gcc PIC flag -fno-common works
configure:7112: gcc -c -O2 -fvisibility=hidden -Wparentheses -flto -DZEPHIR_RELEASE=1  -fno-common -DPIC conftest.c >&5
configure:7116: $? = 0
configure:7129: result: yes
configure:7157: checking if gcc static flag -static works
configure:7185: result: no
configure:7195: checking if gcc supports -c -o file.o
configure:7216: gcc -c -O2 -fvisibility=hidden -Wparentheses -flto -DZEPHIR_RELEASE=1  -o out/conftest2.o conftest.c >&5
configure:7220: $? = 0
configure:7242: result: yes
configure:7268: checking whether the gcc linker (/Library/Developer/CommandLineTools/usr/bin/ld) supports shared libraries
configure:8196: result: yes
configure:8263: checking dynamic linker characteristics
configure:8861: result: darwin16.5.0 dyld
configure:8885: checking how to hardcode library paths into programs
configure:8910: result: immediate
configure:8924: checking whether stripping libraries is possible
configure:8938: result: yes
configure:9446: checking if libtool supports shared libraries
configure:9448: result: yes
configure:9451: checking whether to build shared libraries
configure:9472: result: yes
configure:9475: checking whether to build static libraries
configure:9479: result: no
configure:9574: result:
creating libtool
configure:13273: creating ./config.status

## ---------------------- ##
## Running config.status. ##
## ---------------------- ##

This file was extended by config.status, which was
generated by GNU Autoconf 2.69.  Invocation command line was

  CONFIG_FILES    = 
  CONFIG_HEADERS  = 
  CONFIG_LINKS    = 
  CONFIG_COMMANDS = 
  $ ./config.status 

on MirchendeMacBook-Pro.local

config.status:681: creating config.h

## ---------------- ##
## Cache variables. ##
## ---------------- ##

ac_cv_build=x86_64-apple-darwin16.5.0
ac_cv_c_compiler_gnu=yes
ac_cv_env_CC_set=set
ac_cv_env_CC_value=gcc
ac_cv_env_CFLAGS_set=set
ac_cv_env_CFLAGS_value='-O2 -fvisibility=hidden -Wparentheses -flto -DZEPHIR_RELEASE=1'
ac_cv_env_CPPFLAGS_set=
ac_cv_env_CPPFLAGS_value=
ac_cv_env_CPP_set=
ac_cv_env_CPP_value=
ac_cv_env_LDFLAGS_set=
ac_cv_env_LDFLAGS_value=
ac_cv_env_LIBS_set=
ac_cv_env_LIBS_value=
ac_cv_env_build_alias_set=
ac_cv_env_build_alias_value=
ac_cv_env_host_alias_set=
ac_cv_env_host_alias_value=
ac_cv_env_target_alias_set=
ac_cv_env_target_alias_value=
ac_cv_have_decl_HAVE_BUNDLED_PCRE=yes
ac_cv_have_decl_HAVE_JSON=yes
ac_cv_header_dlfcn_h=yes
ac_cv_header_ext_json_php_json_h=yes
ac_cv_header_ext_pcre_php_pcre_h=yes
ac_cv_header_inttypes_h=yes
ac_cv_header_memory_h=yes
ac_cv_header_stdc=yes
ac_cv_header_stdint_h=yes
ac_cv_header_stdlib_h=yes
ac_cv_header_string_h=yes
ac_cv_header_strings_h=yes
ac_cv_header_sys_stat_h=yes
ac_cv_header_sys_types_h=yes
ac_cv_header_unistd_h=yes
ac_cv_host=x86_64-apple-darwin16.5.0
ac_cv_objext=o
ac_cv_path_EGREP='/usr/bin/grep -E'
ac_cv_path_GREP=/usr/bin/grep
ac_cv_prog_AWK=awk
ac_cv_prog_CPP='gcc -E'
ac_cv_prog_RE2C=re2c
ac_cv_prog_ac_ct_AR=ar
ac_cv_prog_ac_ct_DSYMUTIL=dsymutil
ac_cv_prog_ac_ct_NMEDIT=nmedit
ac_cv_prog_ac_ct_RANLIB=ranlib
ac_cv_prog_ac_ct_STRIP=strip
ac_cv_prog_cc_c89=
ac_cv_prog_cc_g=yes
ac_cv_prog_cc_gcc_c_o=yes
ac_cv_target=x86_64-apple-darwin16.5.0
lt_cv_apple_cc_single_mod=yes
lt_cv_deplibs_check_method=pass_all
lt_cv_file_magic_cmd='$MAGIC_CMD'
lt_cv_file_magic_test_file=
lt_cv_ld_exported_symbols_list=yes
lt_cv_ld_reload_flag=-r
lt_cv_objdir=.libs
lt_cv_path_LD=/Library/Developer/CommandLineTools/usr/bin/ld
lt_cv_path_NM='/usr/bin/nm -B'
lt_cv_path_SED=/usr/bin/sed
lt_cv_prog_compiler_c_o=yes
lt_cv_prog_compiler_pic_works=yes
lt_cv_prog_compiler_rtti_exceptions=yes
lt_cv_prog_compiler_static_works=no
lt_cv_prog_gnu_ld=no
lt_cv_sys_global_symbol_pipe='sed -n -e '\''s/^.*[ 	]\([BCDEGRST][BCDEGRST]*\)[ 	][ 	]*_\([_A-Za-z][_A-Za-z0-9]*\)$/\1 _\2 \2/p'\'''
lt_cv_sys_global_symbol_to_c_name_address='sed -n -e '\''s/^: \([^ ]*\) $/  {\"\1\", (lt_ptr) 0},/p'\'' -e '\''s/^[BCDEGRST] \([^ ]*\) \([^ ]*\)$/  {"\2", (lt_ptr) \&\2},/p'\'''
lt_cv_sys_global_symbol_to_cdecl='sed -n -e '\''s/^. .* \(.*\)$/extern int \1;/p'\'''
lt_cv_sys_lib_dlsearch_path_spec='/usr/local/lib /lib /usr/lib'
lt_cv_sys_lib_search_path_spec='/Library/Developer/CommandLineTools/usr/lib/clang/8.1.0 /usr/local/lib'
lt_cv_sys_max_cmd_len=196608
lt_lt_cv_prog_compiler_c_o='"yes"'
lt_lt_cv_sys_global_symbol_pipe='"sed -n -e '\''s/^.*[ 	]\\([BCDEGRST][BCDEGRST]*\\)[ 	][ 	]*_\\([_A-Za-z][_A-Za-z0-9]*\\)\$/\\1 _\\2 \\2/p'\''"'
lt_lt_cv_sys_global_symbol_to_c_name_address='"sed -n -e '\''s/^: \\([^ ]*\\) \$/  {\\\"\\1\\\", (lt_ptr) 0},/p'\'' -e '\''s/^[BCDEGRST] \\([^ ]*\\) \\([^ ]*\\)\$/  {\"\\2\", (lt_ptr) \\&\\2},/p'\''"'
lt_lt_cv_sys_global_symbol_to_cdecl='"sed -n -e '\''s/^. .* \\(.*\\)\$/extern int \\1;/p'\''"'
php_cv_cc_dashr=no
php_cv_cc_rpath=yes
php_cv_re2c_version='0.15.3 (ok)'

## ----------------- ##
## Output variables. ##
## ----------------- ##

AR='ar'
AWK='awk'
CC='gcc'
CFLAGS='-O2 -fvisibility=hidden -Wparentheses -flto -DZEPHIR_RELEASE=1'
CONFIGURE_COMMAND=' '\''./configure'\''  '\''--enable-vii'\'''
CONFIGURE_OPTIONS=' '\''--enable-vii'\'''
CPP='gcc -E'
CPPFLAGS=' -DHAVE_CONFIG_H'
DEFS='-DHAVE_CONFIG_H'
DSYMUTIL='dsymutil'
ECHO='/bin/echo'
ECHO_C='\c'
ECHO_N=''
ECHO_T=''
EGREP='/usr/bin/grep -E'
EXEEXT=''
GREP='/usr/bin/grep'
LDFLAGS=''
LIBOBJS=''
LIBS=''
LIBTOOL='$(SHELL) $(top_builddir)/libtool'
LN_S='ln -s'
LTLIBOBJS=''
NMEDIT='nmedit'
OBJEXT='o'
PACKAGE_BUGREPORT=''
PACKAGE_NAME=''
PACKAGE_STRING=''
PACKAGE_TARNAME=''
PACKAGE_URL=''
PACKAGE_VERSION=''
PATH_SEPARATOR=':'
RANLIB='ranlib'
RE2C='re2c'
SED='/usr/bin/sed'
SHELL='/bin/sh'
SHLIB_DL_SUFFIX_NAME='so'
SHLIB_SUFFIX_NAME='dylib'
STRIP='strip'
ac_ct_CC=''
bindir='${exec_prefix}/bin'
build='x86_64-apple-darwin16.5.0'
build_alias=''
build_cpu='x86_64'
build_os='darwin16.5.0'
build_vendor='apple'
datadir='${datarootdir}'
datarootdir='${prefix}/share'
docdir='${datarootdir}/doc/${PACKAGE}'
dvidir='${docdir}'
exec_prefix='$(prefix)'
host='x86_64-apple-darwin16.5.0'
host_alias='x86_64-apple-darwin16.5.0'
host_cpu='x86_64'
host_os='darwin16.5.0'
host_vendor='apple'
htmldir='${docdir}'
includedir='${prefix}/include'
infodir='${datarootdir}/info'
libdir='${exec_prefix}/lib'
libexecdir='${exec_prefix}/libexec'
localedir='${datarootdir}/locale'
localstatedir='${prefix}/var'
mandir='${datarootdir}/man'
oldincludedir='/usr/include'
pdfdir='${docdir}'
prefix='/usr/local/Cellar/php71/7.1.3_15'
program_transform_name='s,x,x,'
psdir='${docdir}'
sbindir='${exec_prefix}/sbin'
sharedstatedir='${prefix}/com'
sysconfdir='${prefix}/etc'
target='x86_64-apple-darwin16.5.0'
target_alias=''
target_cpu='x86_64'
target_os='darwin16.5.0'
target_vendor='apple'

## ----------- ##
## confdefs.h. ##
## ----------- ##

/* confdefs.h */
#define PACKAGE_NAME ""
#define PACKAGE_TARNAME ""
#define PACKAGE_VERSION ""
#define PACKAGE_STRING ""
#define PACKAGE_BUGREPORT ""
#define PACKAGE_URL ""
#define HAVE_VII 1
#define COMPILE_DL_VII 1
#define HAVE_EXT_PCRE_PHP_PCRE_H 1
#define ZEPHIR_USE_PHP_PCRE 1
#define HAVE_EXT_JSON_PHP_JSON_H 1
#define ZEPHIR_USE_PHP_JSON 1
#define STDC_HEADERS 1
#define HAVE_SYS_TYPES_H 1
#define HAVE_SYS_STAT_H 1
#define HAVE_STDLIB_H 1
#define HAVE_STRING_H 1
#define HAVE_MEMORY_H 1
#define HAVE_STRINGS_H 1
#define HAVE_INTTYPES_H 1
#define HAVE_STDINT_H 1
#define HAVE_UNISTD_H 1
#define HAVE_DLFCN_H 1

configure: exit 0
